<?xml version="1.0" encoding="UTF-8"?>
<testng-results ignored="0" total="1" passed="1" failed="0" skipped="0">
  <reporter-output>
  </reporter-output>
  <suite started-at="2022-02-26T14:10:43 IST" name="TestSuite" finished-at="2022-02-26T14:11:17 IST" duration-ms="33961">
    <groups>
    </groups>
    <test started-at="2022-02-26T14:10:43 IST" name="FaceBokTest" finished-at="2022-02-26T14:11:17 IST" duration-ms="33961">
      <class name="testCase.Demo">
        <test-method is-config="true" signature="invokeBrowser(java.lang.String,java.lang.String)[pri:0, instance:testCase.Demo@3fb6cf60]" started-at="2022-02-26T14:10:43 IST" name="invokeBrowser" finished-at="2022-02-26T14:11:13 IST" duration-ms="30041" status="PASS">
          <params>
            <param index="0">
              <value>
                <![CDATA[chrome]]>
              </value>
            </param>
            <param index="1">
              <value>
                <![CDATA[https://www.facebook.com/]]>
              </value>
            </param>
          </params>
          <reporter-output>
          </reporter-output>
        </test-method> <!-- invokeBrowser -->
        <test-method signature="test1()[pri:0, instance:testCase.Demo@3fb6cf60]" started-at="2022-02-26T14:11:13 IST" name="test1" finished-at="2022-02-26T14:11:13 IST" duration-ms="15" status="PASS">
          <reporter-output>
          </reporter-output>
        </test-method> <!-- test1 -->
        <test-method is-config="true" signature="afterClass()[pri:0, instance:testCase.Demo@3fb6cf60]" started-at="2022-02-26T14:11:13 IST" name="afterClass" finished-at="2022-02-26T14:11:17 IST" duration-ms="3188" status="PASS">
          <reporter-output>
          </reporter-output>
        </test-method> <!-- afterClass -->
      </class> <!-- testCase.Demo -->
    </test> <!-- FaceBokTest -->
  </suite> <!-- TestSuite -->
</testng-results>
